{
  "RSpec": {
    "coverage": {
      "/Users/kavitak/makers_academy/tech-tests/bank_tech_test/spec/account_spec.rb": [
        1,
        null,
        1,
        1,
        1,
        null,
        null,
        1,
        0,
        null,
        null,
        1,
        1,
        0,
        null,
        null,
        1,
        0,
        null,
        null,
        1,
        0,
        0,
        null,
        null,
        1,
        0,
        null,
        null,
        null,
        1,
        1,
        0,
        null,
        null,
        1,
        0,
        null,
        null,
        1,
        0,
        0,
        null,
        null,
        null
      ],
      "/Users/kavitak/makers_academy/tech-tests/bank_tech_test/lib/account.rb": [
        1,
        1,
        null,
        1,
        null,
        1,
        null,
        1,
        null,
        1,
        1,
        1,
        null,
        null,
        1,
        1,
        0,
        0,
        null,
        null,
        1,
        0,
        0,
        null,
        null,
        1,
        0,
        null,
        null,
        1,
        null,
        1,
        0,
        0,
        null,
        null,
        1,
        0,
        null,
        null,
        1,
        1,
        null,
        null,
        null
      ],
      "/Users/kavitak/makers_academy/tech-tests/bank_tech_test/lib/transaction.rb": [
        1,
        null,
        1,
        null,
        1,
        null,
        1,
        0,
        null,
        null,
        1,
        0,
        null,
        null,
        1,
        null,
        1,
        0,
        0,
        0,
        0,
        null,
        null,
        1,
        0,
        null,
        null,
        1,
        0,
        null,
        null,
        null
      ],
      "/Users/kavitak/makers_academy/tech-tests/bank_tech_test/lib/statement.rb": [
        1,
        null,
        1,
        0,
        0,
        0,
        null,
        null,
        null,
        1,
        null,
        1,
        null,
        1,
        0,
        null,
        null,
        null,
        null,
        0,
        null,
        null,
        null
      ],
      "/Users/kavitak/makers_academy/tech-tests/bank_tech_test/spec/features/feature_spec.rb": [
        1,
        null,
        1,
        1,
        0,
        0
      ],
      "/Users/kavitak/makers_academy/tech-tests/bank_tech_test/spec/statement_spec.rb": [
        1,
        null,
        1,
        1,
        null,
        1,
        null,
        null
      ],
      "/Users/kavitak/makers_academy/tech-tests/bank_tech_test/spec/transaction_spec.rb": [
        1,
        null,
        1,
        1,
        1,
        null,
        1,
        1,
        0,
        null,
        null,
        1,
        0,
        null,
        null,
        null,
        1,
        1,
        0,
        null,
        null,
        1,
        0,
        null,
        null,
        null
      ]
    },
    "timestamp": 1499754868
  }
}
