{
  "RSpec": {
    "coverage": {
      "/Users/kavitak/makers_academy/tech-tests/bank_tech_test/spec/account_spec.rb": [
        1,
        null,
        1,
        6,
        1,
        null,
        null,
        1,
        1,
        null,
        null,
        1,
        1,
        2,
        null,
        null,
        1,
        1,
        null,
        null,
        1,
        1,
        1,
        null,
        null,
        null,
        1,
        1,
        2,
        null,
        null,
        1,
        1,
        null,
        null,
        1,
        1,
        1,
        null,
        null,
        null
      ],
      "/Users/kavitak/makers_academy/tech-tests/bank_tech_test/lib/account.rb": [
        1,
        1,
        null,
        1,
        null,
        1,
        null,
        1,
        null,
        1,
        6,
        6,
        null,
        null,
        1,
        4,
        4,
        null,
        null,
        1,
        4,
        4,
        null,
        null,
        1,
        1,
        null,
        null,
        1,
        null,
        1,
        8,
        8,
        null,
        null,
        1,
        8,
        null,
        null
      ],
      "/Users/kavitak/makers_academy/tech-tests/bank_tech_test/lib/transaction.rb": [
        1,
        null,
        1,
        null,
        1,
        null,
        1,
        4,
        null,
        null,
        1,
        4,
        null,
        null,
        1,
        null,
        1,
        12,
        12,
        12,
        12,
        null,
        null,
        1,
        8,
        null,
        null,
        1,
        24,
        null,
        null,
        null
      ],
      "/Users/kavitak/makers_academy/tech-tests/bank_tech_test/lib/statement.rb": [
        1,
        null,
        1,
        1,
        1,
        2,
        null,
        null,
        null,
        1,
        null,
        1,
        null,
        1,
        2,
        null,
        null,
        null,
        null,
        2,
        null,
        null,
        null
      ],
      "/Users/kavitak/makers_academy/tech-tests/bank_tech_test/spec/features/feature_spec.rb": [
        1,
        null,
        1,
        1,
        1,
        1,
        1,
        null,
        null,
        1
      ],
      "/Users/kavitak/makers_academy/tech-tests/bank_tech_test/spec/statement_spec.rb": [
        1,
        null,
        1,
        1,
        null,
        1,
        1,
        null,
        null,
        1,
        null,
        null,
        1,
        null,
        null,
        null,
        null
      ],
      "/Users/kavitak/makers_academy/tech-tests/bank_tech_test/spec/transaction_spec.rb": [
        1,
        null,
        1,
        3,
        3,
        null,
        1,
        1,
        1,
        null,
        null,
        1,
        1,
        null,
        null,
        null,
        1,
        1,
        1,
        null,
        null,
        1,
        1,
        null,
        null,
        null
      ]
    },
    "timestamp": 1499756460
  }
}
